Performing C SOURCE FILE Test CMAKE_HAVE_LIBC_PTHREAD failed with the following output:
Change Dir: /home/zjd/3dpart/openmvs1.1.1/openmvs_build/CMakeFiles/CMakeTmp

Run Build Command(s):/usr/bin/make cmTC_c6171/fast && /usr/bin/make -f CMakeFiles/cmTC_c6171.dir/build.make CMakeFiles/cmTC_c6171.dir/build
make[1]: 进入目录“/home/zjd/3dpart/openmvs1.1.1/openmvs_build/CMakeFiles/CMakeTmp”
Building C object CMakeFiles/cmTC_c6171.dir/src.c.o
/usr/bin/cc   -fPIC -DCMAKE_HAVE_LIBC_PTHREAD -O3 -DNDEBUG  -DNDEBUG   -o CMakeFiles/cmTC_c6171.dir/src.c.o   -c /home/zjd/3dpart/openmvs1.1.1/openmvs_build/CMakeFiles/CMakeTmp/src.c
Linking C executable cmTC_c6171
/usr/bin/cmake -E cmake_link_script CMakeFiles/cmTC_c6171.dir/link.txt --verbose=1
/usr/bin/cc -fPIC -DCMAKE_HAVE_LIBC_PTHREAD -O3 -DNDEBUG  -DNDEBUG     CMakeFiles/cmTC_c6171.dir/src.c.o  -o cmTC_c6171 
/usr/bin/ld: CMakeFiles/cmTC_c6171.dir/src.c.o: in function `main':
src.c:(.text.startup+0x27): undefined reference to `pthread_create'
/usr/bin/ld: src.c:(.text.startup+0x30): undefined reference to `pthread_detach'
/usr/bin/ld: src.c:(.text.startup+0x3b): undefined reference to `pthread_join'
collect2: error: ld returned 1 exit status
make[1]: *** [CMakeFiles/cmTC_c6171.dir/build.make:87：cmTC_c6171] 错误 1
make[1]: 离开目录“/home/zjd/3dpart/openmvs1.1.1/openmvs_build/CMakeFiles/CMakeTmp”
make: *** [Makefile:121：cmTC_c6171/fast] 错误 2


Source file was:
#include <pthread.h>

void* test_func(void* data)
{
  return data;
}

int main(void)
{
  pthread_t thread;
  pthread_create(&thread, NULL, test_func, NULL);
  pthread_detach(thread);
  pthread_join(thread, NULL);
  pthread_atfork(NULL, NULL, NULL);
  pthread_exit(NULL);

  return 0;
}

Determining if the function pthread_create exists in the pthreads failed with the following output:
Change Dir: /home/zjd/3dpart/openmvs1.1.1/openmvs_build/CMakeFiles/CMakeTmp

Run Build Command(s):/usr/bin/make cmTC_72b53/fast && /usr/bin/make -f CMakeFiles/cmTC_72b53.dir/build.make CMakeFiles/cmTC_72b53.dir/build
make[1]: 进入目录“/home/zjd/3dpart/openmvs1.1.1/openmvs_build/CMakeFiles/CMakeTmp”
Building C object CMakeFiles/cmTC_72b53.dir/CheckFunctionExists.c.o
/usr/bin/cc   -fPIC -DCHECK_FUNCTION_EXISTS=pthread_create -O3 -DNDEBUG  -DNDEBUG   -o CMakeFiles/cmTC_72b53.dir/CheckFunctionExists.c.o   -c /usr/share/cmake-3.16/Modules/CheckFunctionExists.c
Linking C executable cmTC_72b53
/usr/bin/cmake -E cmake_link_script CMakeFiles/cmTC_72b53.dir/link.txt --verbose=1
/usr/bin/cc -fPIC -DCHECK_FUNCTION_EXISTS=pthread_create -O3 -DNDEBUG  -DNDEBUG     CMakeFiles/cmTC_72b53.dir/CheckFunctionExists.c.o  -o cmTC_72b53  -lpthreads 
/usr/bin/ld: 找不到 -lpthreads
collect2: error: ld returned 1 exit status
make[1]: *** [CMakeFiles/cmTC_72b53.dir/build.make:87：cmTC_72b53] 错误 1
make[1]: 离开目录“/home/zjd/3dpart/openmvs1.1.1/openmvs_build/CMakeFiles/CMakeTmp”
make: *** [Makefile:121：cmTC_72b53/fast] 错误 2



